ctp.MdSpiDelegate:OnFrontConnected:98:2011-03-13 15:33:32,272 INFO front connected
ctp.MdSpiDelegate:OnRspUserLogin:106:2011-03-13 15:33:32,443 INFO user login,info:<错误信息:No Error,错误代码:0>,rid:0,is_last:1
ctp.MdSpiDelegate:OnRspUserLogin:108:2011-03-13 15:33:32,490 INFO get today's trading day:''
ctp.MdSpiDelegate:OnRtnDepthMarketData:127:2011-03-13 15:33:32,677 DEBUG 收到行情，inst=IF1103,time=15:32:11，volume=20036,last_volume=0
ctp.MdSpiDelegate:OnRtnDepthMarketData:134:2011-03-13 15:33:32,677 DEBUG after modify instrument=IF1103,lastvolume:20036,curVolume:20036
ctp.MdSpiDelegate:OnRtnDepthMarketData:150:2011-03-13 15:33:32,677 DEBUG after write md:
ctp.MdSpiDelegate:OnRtnDepthMarketData:127:2011-03-13 15:33:33,661 DEBUG 收到行情，inst=IF1103,time=15:32:12，volume=20036,last_volume=20036
ctp.MdSpiDelegate:OnRtnDepthMarketData:129:2011-03-13 15:33:33,661 DEBUG 行情无变化，inst=IF1103,time=15:32:12，volume=20036,last_volume=20036
ctp.MdSpiDelegate:OnRtnDepthMarketData:127:2011-03-13 15:33:34,584 DEBUG 收到行情，inst=IF1103,time=15:32:13，volume=20040,last_volume=20036
ctp.MdSpiDelegate:OnRtnDepthMarketData:134:2011-03-13 15:33:34,584 DEBUG after modify instrument=IF1103,lastvolume:20040,curVolume:20040
ctp.MdSpiDelegate:OnRtnDepthMarketData:150:2011-03-13 15:33:34,584 DEBUG after write md:
ctp.MdSpiDelegate:OnRtnDepthMarketData:127:2011-03-13 15:33:35,568 DEBUG 收到行情，inst=IF1103,time=15:32:14，volume=20044,last_volume=20040
ctp.MdSpiDelegate:OnRtnDepthMarketData:134:2011-03-13 15:33:35,568 DEBUG after modify instrument=IF1103,lastvolume:20044,curVolume:20044
ctp.MdSpiDelegate:OnRtnDepthMarketData:150:2011-03-13 15:33:35,584 DEBUG after write md:
ctp.MdSpiDelegate:OnRtnDepthMarketData:127:2011-03-13 15:33:37,084 DEBUG 收到行情，inst=IF1103,time=15:32:15，volume=20048,last_volume=20044
ctp.MdSpiDelegate:OnRtnDepthMarketData:134:2011-03-13 15:33:37,084 DEBUG after modify instrument=IF1103,lastvolume:20048,curVolume:20048
ctp.MdSpiDelegate:OnRtnDepthMarketData:150:2011-03-13 15:33:37,099 DEBUG after write md:
ctp.MdSpiDelegate:OnRtnDepthMarketData:127:2011-03-13 15:33:38,115 DEBUG 收到行情，inst=IF1103,time=15:32:16，volume=20048,last_volume=20048
ctp.MdSpiDelegate:OnRtnDepthMarketData:129:2011-03-13 15:33:38,115 DEBUG 行情无变化，inst=IF1103,time=15:32:16，volume=20048,last_volume=20048
ctp.MdSpiDelegate:OnRtnDepthMarketData:127:2011-03-13 15:33:39,099 DEBUG 收到行情，inst=IF1103,time=15:32:17，volume=20052,last_volume=20048
ctp.MdSpiDelegate:OnRtnDepthMarketData:134:2011-03-13 15:33:39,099 DEBUG after modify instrument=IF1103,lastvolume:20052,curVolume:20052
ctp.MdSpiDelegate:OnRtnDepthMarketData:150:2011-03-13 15:33:39,115 DEBUG after write md:
ctp.MdSpiDelegate:OnRtnDepthMarketData:127:2011-03-13 15:33:40,115 DEBUG 收到行情，inst=IF1103,time=15:32:18，volume=20056,last_volume=20052
ctp.MdSpiDelegate:OnRtnDepthMarketData:134:2011-03-13 15:33:40,115 DEBUG after modify instrument=IF1103,lastvolume:20056,curVolume:20056
ctp.MdSpiDelegate:OnRtnDepthMarketData:150:2011-03-13 15:33:40,115 DEBUG after write md:
ctp.MdSpiDelegate:OnRtnDepthMarketData:127:2011-03-13 15:33:41,131 DEBUG 收到行情，inst=IF1103,time=15:32:19，volume=20056,last_volume=20056
ctp.MdSpiDelegate:OnRtnDepthMarketData:129:2011-03-13 15:33:41,131 DEBUG 行情无变化，inst=IF1103,time=15:32:19，volume=20056,last_volume=20056
ctp.MdSpiDelegate:OnRtnDepthMarketData:127:2011-03-13 15:33:42,131 DEBUG 收到行情，inst=IF1103,time=15:32:20，volume=20060,last_volume=20056
ctp.MdSpiDelegate:OnRtnDepthMarketData:134:2011-03-13 15:33:42,536 DEBUG after modify instrument=IF1103,lastvolume:20060,curVolume:20060
ctp.MdSpiDelegate:OnRtnDepthMarketData:150:2011-03-13 15:33:42,552 DEBUG after write md:
ctp.MdSpiDelegate:OnRtnDepthMarketData:127:2011-03-13 15:33:44,131 DEBUG 收到行情，inst=IF1103,time=15:32:22，volume=20064,last_volume=20060
ctp.MdSpiDelegate:OnRtnDepthMarketData:134:2011-03-13 15:33:44,131 DEBUG after modify instrument=IF1103,lastvolume:20064,curVolume:20064
ctp.MdSpiDelegate:OnRtnDepthMarketData:150:2011-03-13 15:33:44,147 DEBUG after write md:
ctp.MdSpiDelegate:OnRtnDepthMarketData:127:2011-03-13 15:33:45,147 DEBUG 收到行情，inst=IF1103,time=15:32:23，volume=20064,last_volume=20064
ctp.MdSpiDelegate:OnRtnDepthMarketData:129:2011-03-13 15:33:45,147 DEBUG 行情无变化，inst=IF1103,time=15:32:23，volume=20064,last_volume=20064
ctp.MdSpiDelegate:OnRtnDepthMarketData:127:2011-03-13 15:33:46,052 DEBUG 收到行情，inst=IF1103,time=15:32:24，volume=20064,last_volume=20064
ctp.MdSpiDelegate:OnRtnDepthMarketData:129:2011-03-13 15:33:46,052 DEBUG 行情无变化，inst=IF1103,time=15:32:24，volume=20064,last_volume=20064
ctp.MdSpiDelegate:OnRtnDepthMarketData:127:2011-03-13 15:33:47,068 DEBUG 收到行情，inst=IF1103,time=15:32:25，volume=20064,last_volume=20064
ctp.MdSpiDelegate:OnRtnDepthMarketData:129:2011-03-13 15:33:47,068 DEBUG 行情无变化，inst=IF1103,time=15:32:25，volume=20064,last_volume=20064
ctp.MdSpiDelegate:OnRtnDepthMarketData:127:2011-03-13 15:33:48,099 DEBUG 收到行情，inst=IF1103,time=15:32:26，volume=20064,last_volume=20064
ctp.MdSpiDelegate:OnRtnDepthMarketData:129:2011-03-13 15:33:48,099 DEBUG 行情无变化，inst=IF1103,time=15:32:26，volume=20064,last_volume=20064
ctp.MdSpiDelegate:OnRtnDepthMarketData:127:2011-03-13 15:33:49,599 DEBUG 收到行情，inst=IF1103,time=15:32:28，volume=20068,last_volume=20064
ctp.MdSpiDelegate:OnRtnDepthMarketData:134:2011-03-13 15:33:49,599 DEBUG after modify instrument=IF1103,lastvolume:20068,curVolume:20068
ctp.MdSpiDelegate:OnRtnDepthMarketData:150:2011-03-13 15:33:49,599 DEBUG after write md:
ctp.MdSpiDelegate:OnRtnDepthMarketData:127:2011-03-13 15:33:50,599 DEBUG 收到行情，inst=IF1103,time=15:32:29，volume=20072,last_volume=20068
ctp.MdSpiDelegate:OnRtnDepthMarketData:134:2011-03-13 15:33:50,599 DEBUG after modify instrument=IF1103,lastvolume:20072,curVolume:20072
ctp.MdSpiDelegate:OnRtnDepthMarketData:150:2011-03-13 15:33:50,599 DEBUG after write md:
